-2.916124478977301093e-01
-2.900645569626235654e-01
-2.851645309141584428e-01
-2.760128068592681561e-01
-2.606375655291540139e-01
-2.351331994731874209e-01
-2.196094376396907910e-01
-2.100868958782380058e-01
-2.042364235811994500e-01
-2.006729842463679803e-01
-1.985610141492871739e-01
-1.973893521689185360e-01
-1.968423174674868992e-01
-1.967217638425496906e-01
-1.969039757009230507e-01
-1.973105929452692309e-01
-1.978913269914718553e-01
-1.986143815429656234e-01
-1.994588830003786173e-01
-2.004100744668488587e-01
-2.014575827552764764e-01
-2.025937762031699285e-01
-2.038125557634731799e-01
-2.051089721499041729e-01
-2.064775079724500140e-01
-2.079142165619493055e-01
-2.094131935144253331e-01
-2.109715967222990374e-01
-2.125831311606067864e-01
-2.142462048845358846e-01
-2.159541937152482383e-01
-2.177065561455519271e-01
-2.194965682588071731e-01
-2.213241126569436001e-01
-2.231830654119048574e-01
-2.250723081370522016e-01
-2.269879741639232451e-01
-2.289248287148682448e-01
-2.308848374976179840e-01
-2.328519856524591258e-01
-2.348415031571912670e-01
-2.368125781427630749e-01
-2.388088671564350118e-01
-2.407356486087600944e-01
-2.426955852746590925e-01
-2.444802192493590043e-01
-2.463124271508603802e-01
-2.477483411389205248e-01
-2.492529522320140190e-01
-2.499023437158567895e-01
-2.506455552196703018e-01
-2.495932113389243423e-01
-2.486557405236879403e-01
-2.440280543157823945e-01
-2.394947128487659171e-01
-2.274786985759419122e-01
-2.151035340499573012e-01
-1.872147965777001266e-01
-1.546734754976691051e-01
-8.560665634569360194e-02
1.390921576325508321e-02
2.042081772401544981e-01
4.207874157893707889e-01
5.752554118997844634e-01
6.705793810040122649e-01
7.278991532908298812e-01
7.634169582523480102e-01
7.869357284549387543e-01
8.039102826898111287e-01
8.172765240608090842e-01
8.285855462989363263e-01
8.386538112818763269e-01
8.479290982382166053e-01
8.566285256965424644e-01
8.649272973044229706e-01
8.728418524805281464e-01
8.805228851410270563e-01
8.878573830906832942e-01
8.950730743471135842e-01
9.019003867740416069e-01
9.087102211232408466e-01
9.150209985435504567e-01
9.213794546902912552e-01
9.270536565910819649e-01
9.327016790842095340e-01
9.373905982012091798e-01
9.415810041890755322e-01
9.444004622151741524e-01
9.452812824824753379e-01
9.440805914416529054e-01
9.373644622522474545e-01
9.269763387864680126e-01
9.027964560446530839e-01
8.695162776744574940e-01
8.014123129543032631e-01
7.011640482980043831e-01
5.195374808801758171e-01
3.245813416470985646e-01
1.868044776456817269e-01
1.036152918230689030e-01
5.642833218584299843e-02
3.040345201443934303e-02
1.624464613379549352e-02
8.594882818810304151e-03
4.476789997395078102e-03
2.264142363803411679e-03
1.076502932243203004e-03
4.393866342386665747e-04
9.770312071853531606e-05
-8.551102997168706697e-05
-1.837434847570414663e-04
-2.364092959883619188e-04
-2.646444006263621858e-04
-2.797814685394324008e-04
-2.878964684828014308e-04
-2.922468882599472246e-04
-2.945791136917124027e-04
-2.958293931551438604e-04
-2.964996498732107278e-04
-2.968589628895465754e-04
-2.970515834066453668e-04
-2.971548429116212470e-04
-2.972101977365039375e-04
-2.972398719279457295e-04
-2.972557793673437322e-04
-2.972643068257499119e-04
-2.972688780955120473e-04
-2.972713285799126210e-04
-2.972726421849597326e-04
-2.972733463514575219e-04
-2.972737238223678450e-04
-2.972739261657854739e-04
-2.972740346313818417e-04
-2.972740927736721404e-04
-2.972741239402642882e-04
-2.972741406466848234e-04
-2.972741496018633817e-04
-2.972741544020896247e-04
-2.972741569751240209e-04
-2.972741583543193357e-04
-2.972741590935876828e-04
-2.972741594898423807e-04
-2.972741597022365563e-04
-2.972741598160795733e-04
-2.972741598770986884e-04
-2.972741599098041891e-04
-2.972741599273337866e-04
-2.972741599367292116e-04
-2.972741599417648428e-04
-2.972741599444638015e-04
-2.972741599459103440e-04
-2.972741599466855486e-04
-2.972741599471010691e-04
-2.972741599473237642e-04
-2.972741599474430806e-04
-2.972741599475071028e-04
-2.972741599475413094e-04
-2.972741599475597408e-04
-2.972741599475695528e-04
-2.972741599475748112e-04
-2.972741599475776301e-04
-2.972741599475791480e-04
-2.972741599475799612e-04
-2.972741599475803949e-04
-2.972741599475806117e-04
-2.972741599475807201e-04
-2.972741599475808285e-04
-2.972741599475808827e-04
-2.972741599475808827e-04
-2.972741599475808827e-04
-2.972741599475808827e-04
-2.972741599475808827e-04
-2.972741599475808827e-04
-2.972741599475808827e-04
-2.972741599475808827e-04
-2.972741599475808827e-04
-2.972741599475808827e-04
-2.972741599475808827e-04
-2.972741599475808827e-04
-2.972741599475808827e-04
-2.972741599475808827e-04
-2.972741599475808827e-04
-2.972741599475808827e-04
-2.972741599475808827e-04
-2.972741599475808827e-04
-2.972741599475808827e-04
-2.972741599475808827e-04
-2.972741599475808285e-04
-2.972741599475807743e-04
-2.972741599475807201e-04
-2.972741599475805575e-04
-2.972741599475802864e-04
-2.972741599475797443e-04
-2.972741599475786601e-04
-2.972741599475787143e-04
-2.972741599475797443e-04
-2.972741599475787143e-04
-2.972741599475791480e-04
-2.972741599475811538e-04
-2.972741599475817501e-04
-2.972741599475813164e-04
