2.436555220090098894e-02
2.436095384318096718e-02
2.434584101116911425e-02
2.431857785330147209e-02
2.428300901599824216e-02
2.424774308547524015e-02
2.420108945397552933e-02
2.414093372170171212e-02
2.407068327381988240e-02
2.399448873565049323e-02
2.391546631191820635e-02
2.383558325897768698e-02
2.375598559441432014e-02
2.367731313999939594e-02
2.359991236079753835e-02
2.352396367609263864e-02
2.344955396015862073e-02
2.337671713637165874e-02
2.330545689826893363e-02
2.323575956607845661e-02
2.316760150647816444e-02
2.310095350850022849e-02
2.303578339830344990e-02
2.297205761181396813e-02
2.290974223941072072e-02
2.284880469665480363e-02
2.278922472430811377e-02
2.273109624467477621e-02
2.267561359994780049e-02
2.263490945991051759e-02
2.272747227703262110e-02
2.398942643281607237e-02
3.454984883325362688e-02
1.485249245023379516e-01
2.993482814262110048e-01
4.135487261939128634e-01
5.019340965393939147e-01
5.751453506146542161e-01
6.385499365889167889e-01
6.945266452891379894e-01
7.435177114498217055e-01
7.839850694304522083e-01
8.113460241642762583e-01
8.155626507694764271e-01
7.775939125956093934e-01
6.697883865056699637e-01
4.795077124187768214e-01
2.610233769990604746e-01
1.059579428533656137e-01
3.391029750428993517e-02
9.114897448273300701e-03
2.153985957134633457e-03
4.641481747768193755e-04
9.363222722640010423e-05
1.797730914542891234e-05
3.318667545826953600e-06
5.928674550531380498e-07
1.029437464389360635e-07
1.742724864233228569e-08
2.882903782423294599e-09
4.668276854934234265e-10
7.409692860380539170e-11
1.154087311022874870e-11
1.765493446189248545e-12
2.654691598454539733e-13
3.926144323576159575e-14
5.714380080535054734e-15
8.189165868302204350e-16
1.156035718131324178e-16
1.608192407583454364e-17
2.205455141023310816e-18
2.982613858189777774e-19
3.978949620419848053e-20
5.237657040559128347e-21
6.804863308926377808e-22
8.728206639061656192e-23
1.105496417171190200e-23
1.382975385585116607e-24
1.709187456977632874e-25
2.087239075247119329e-26
2.519110827095038383e-27
3.005362285048480344e-28
3.544864679103164213e-29
4.134582999654702736e-30
4.769428464561568440e-31
5.442199765853328439e-32
6.143627175402096275e-33
6.862527652291246338e-34
7.586071957816580880e-35
8.300156998266134436e-36
8.989868832566869969e-37
9.640014688770614945e-38
1.023569658105068050e-38
1.076289525204525484e-39
1.120903156316549914e-40
1.156347329021296408e-41
1.181795850045664630e-42
1.196691201872435286e-43
1.200763847428749182e-44
1.194038345915632687e-45
1.176826274819630664e-46
1.149706765140389484e-47
1.113496176634906639e-48
1.069209016593179308e-49
1.018012603935284558e-50
9.611781824741993402e-52
9.000311930594817851e-53
8.359032402866012208e-54
7.700879650296222784e-55
7.038025979609674506e-56
6.381564649733147520e-57
5.741271869351779926e-58
5.125448039552766437e-59
4.540835922742605315e-60
3.992609555220896399e-61
3.484424774221284835e-62
3.018520267755279286e-63
2.595857059545730824e-64
2.216284224668073304e-65
1.878719256572815440e-66
1.581332704607328482e-67
1.321728292974987474e-68
1.097111542031296927e-69
9.044417833444099897e-71
7.405642599482378873e-72
6.023206328712477962e-73
4.866376069607445025e-74
3.905945065424735396e-75
3.114714646232452592e-76
2.467804497672518638e-77
1.942816698355269349e-78
1.519879989396457509e-79
1.181600156460750850e-80
9.129405977646013890e-82
7.010545259397195411e-83
5.350871643191138657e-84
4.059630447591369594e-85
3.061703242194253345e-86
2.295510761134737613e-87
1.711038864457947329e-88
1.268028506042562707e-89
9.343524110867227604e-91
6.845868655926045696e-92
4.987763400095517173e-93
3.613811517347921379e-94
2.603935026369277761e-95
1.866044883879087780e-96
1.330035761660511223e-97
9.429214863757916525e-99
6.649364180333349137e-100
4.664425714868966720e-101
3.254996529961905567e-102
2.259735971204350540e-103
1.560773721666285681e-104
1.072549270612256470e-105
7.333466987726176292e-107
4.989254659354999569e-108
3.377656225742437382e-109
2.275451662706466906e-110
1.525495329421995282e-111
1.017802964507814798e-112
6.758406742301887777e-114
4.466534715825979752e-115
2.938059837953324571e-116
1.923674675443288592e-117
1.253721285303507397e-118
8.133656837806114185e-120
5.252947326030920616e-121
3.377297122745654233e-122
2.161727661260028772e-123
1.377572402543315761e-124
8.740286939267830835e-126
5.521417808725769712e-127
3.473000656732085476e-128
2.175223716291697870e-129
1.356635243275259366e-130
8.425534641596785240e-132
5.211010824809134126e-133
3.209603337299817230e-134
1.968793665568554179e-135
1.202770856206594718e-136
7.318358357175218201e-138
4.435132432090904771e-139
2.677167576511039876e-140
1.609660552993019272e-141
9.640429955249754032e-143
5.751422659645701034e-144
3.418095631669296488e-145
2.023654155471104451e-146
1.193560672124540915e-147
7.013287588981156954e-149
4.105635675153573221e-150
2.394601832850704581e-151
1.391530542093568263e-152
8.056955318164876364e-154
4.648149205748096921e-155
2.671972828648143048e-156
1.530519073907662191e-157
8.736074156239742670e-159
4.984840551578911628e-160
5.632920606184537109e-161
