9.625913179722964119e-02
9.633152491025769038e-02
9.657403334606094736e-02
9.702476707206868223e-02
9.762642819768457825e-02
9.820611851767818701e-02
9.900626048421266867e-02
1.000736081814754125e-01
1.013611202150048185e-01
1.028078410261170916e-01
1.043670302695455937e-01
1.060084271826212537e-01
1.077138399805872976e-01
1.094727310336794657e-01
1.112791483179984692e-01
1.131298351125008400e-01
1.150231202332535896e-01
1.169582776156405934e-01
1.189351574163009240e-01
1.209539713130324962e-01
1.230151646190241477e-01
1.251193379154048602e-01
1.272671982287747194e-01
1.294595287137522976e-01
1.316971699305145849e-01
1.339810079616577110e-01
1.363119662673636934e-01
1.386909992948850423e-01
1.411190832577406684e-01
1.435971655521720847e-01
1.461257212352167489e-01
1.487007543875544513e-01
1.512692607590170046e-01
1.528323228535351797e-01
1.512918003804748224e-01
1.469512020659519969e-01
1.404438025877216556e-01
1.321400224218466091e-01
1.222551012284801286e-01
1.109315769916793398e-01
9.828626653218894282e-02
8.444826739055855125e-02
6.960871699956827641e-02
5.410673996815403702e-02
3.858225373869938329e-02
2.418917144983810663e-02
1.262037429293031039e-02
5.254358212036066428e-03
1.755465130359856914e-03
4.908807173799309203e-04
1.198650925674121825e-04
2.645878169152970520e-05
5.430134822816501018e-06
1.056109975864058747e-06
1.969625957331790945e-07
3.548520850725183129e-08
6.206173564606419134e-09
1.057286154576990909e-09
1.758856714291879744e-10
2.862543513668351869e-11
4.564496609007274950e-12
7.139406141002283886e-13
1.096421095272342323e-13
1.654582196361270602e-14
2.455233448801263171e-15
3.584663895634306137e-16
5.152066376533315183e-17
7.292773599728542946e-18
1.017097878810915236e-18
1.398154543277760973e-19
1.895046031462773315e-20
2.533346276736291050e-21
3.341240214642698501e-22
4.348894375066983919e-23
5.587536655168107002e-24
7.088237437728561669e-25
8.880406962149067937e-26
1.099005020581579980e-26
1.343784851043196456e-27
1.623716425428588429e-28
1.939208815086373372e-29
2.289566532512875055e-30
2.672844355736584100e-31
3.085748301435092872e-32
3.523595038880928136e-33
3.980339179910655413e-34
4.448673949542974748e-35
4.920206003342048712e-36
5.385699978801109094e-37
5.835383184657445408e-38
6.259296104267758745e-39
6.647670553109032953e-40
6.991314751184935554e-41
7.281983502654783252e-42
7.512712232568849499e-43
7.678095778247805961e-44
7.774496388023142128e-45
7.800170034111481160e-46
7.755305498285179052e-47
7.641976287744162742e-48
7.464010829224486993e-49
7.226791156972673163e-50
6.936994117138138500e-51
6.602291723831985136e-52
6.231028605248465796e-53
5.831894475813962841e-54
5.413608374606276389e-55
4.984629221269642795e-56
4.552904318991978484e-57
4.125664071221384579e-58
3.709267667552602539e-59
3.309101103202612433e-60
2.929525849994443670e-61
2.573873961639223245e-62
2.244483475920263988e-63
1.942766712252158195e-64
1.669303440045567723e-65
1.423950850691392745e-66
1.205962710121775522e-67
1.014110886520397163e-68
8.468035185869099862e-70
7.021952974784980023e-71
5.782865761870273557e-72
4.730092077605474481e-73
3.842980836115751537e-74
3.101482520137395575e-75
2.486582219546689953e-76
1.980605935856699539e-77
1.567415124507368097e-78
1.232506395360336086e-79
9.630338839884302886e-81
7.477713265833030190e-82
5.770296060886238562e-83
4.425437538469046421e-84
3.373413235159469633e-85
2.556018946843154625e-86
1.925153607220629021e-87
1.441447143621837054e-88
1.072973321796573957e-89
7.940730979558796671e-91
5.843022171328691409e-92
4.275076250914351931e-93
3.110304606077290596e-94
2.250286542598817595e-95
1.619091343967581169e-96
1.158579859419088132e-97
8.245630070249347624e-99
5.836961292149474492e-100
4.109948855589962473e-101
2.878683424982726430e-102
2.005765882031659508e-103
1.390324217691765337e-104
9.587863542626422501e-106
6.578359885677147864e-107
4.490795631657608821e-108
3.050411419948391135e-109
2.061780063075615842e-110
1.386737043534831099e-111
9.281808078230871614e-113
6.182673535826887126e-114
4.098676539543319281e-115
2.704286354188249221e-116
1.775911317663726185e-117
1.160825874330360902e-118
7.552791677603269439e-120
4.891699253070597604e-121
3.153848186375819468e-122
2.024265060469088029e-123
1.293469190140059666e-124
8.228549054924654676e-126
5.211767691167400288e-127
3.286679816347166946e-128
2.063745131899281437e-129
1.290317545837967853e-130
8.033307540421415189e-132
4.980404537283509962e-133
3.074838332537111917e-134
1.890524094181087813e-135
1.157601437276771545e-136
7.059391720514713367e-138
4.287668394050126030e-139
2.593790624280047104e-140
1.562868459862309794e-141
9.379885255651361887e-143
5.607559051013113937e-144
3.339372769888145848e-145
1.980997795133471313e-146
1.170696455226603814e-147
6.892215684271815297e-149
4.042411655683244765e-150
2.362120594800553916e-151
1.375168866260721283e-152
7.976546049610354460e-154
4.609893647046908300e-155
2.654582856407468318e-156
1.523151298173231744e-157
8.708494496432970927e-159
4.961444919818372987e-160
2.816788736492219290e-161
1.598650323851090242e-162
1.796963938740654245e-163
