4.439801479086916136e-02
4.416278837598019980e-02
4.393153227026454222e-02
4.370418010551949117e-02
4.348066676124717755e-02
4.326092836224943589e-02
4.304490227687244458e-02
4.283252711593243250e-02
4.262374273235686184e-02
4.241849022157825194e-02
4.221671192271897466e-02
4.201835142060317968e-02
4.182335354862705412e-02
4.163166439250899631e-02
4.144323129492770430e-02
4.125800286103829123e-02
4.107592896483744371e-02
4.089696075633282579e-02
4.072105066946875990e-02
4.054815243079432779e-02
4.037822106897362429e-02
4.021121292553458265e-02
4.004708566794792923e-02
3.988579830770706131e-02
3.972731122963647776e-02
3.957158624666971131e-02
3.941858671248811563e-02
3.926827776578910301e-02
3.912062687493254864e-02
3.897560507123742912e-02
3.883318977002283429e-02
3.869337127510104335e-02
3.855616788402106004e-02
3.842166120796913081e-02
3.829007931577133733e-02
3.816199375978005653e-02
3.803878952764614546e-02
3.792379316865427535e-02
3.782499755774124811e-02
3.776168031774438522e-02
3.778055377724146013e-02
3.799525835111385030e-02
3.868259950936745600e-02
4.051300367440878458e-02
4.507340902570373259e-02
5.587249294929743509e-02
7.927218087278609104e-02
1.213397967447711612e-01
1.788345898650891552e-01
2.409359472098731580e-01
2.989150033173803567e-01
3.490696688021438510e-01
3.909996005880885250e-01
4.256048586931329147e-01
4.539791625488278637e-01
4.769909000469698124e-01
4.951984883123698999e-01
5.088873611574027400e-01
5.181364265153152182e-01
5.228847206457224450e-01
5.229947985738065963e-01
5.183173108871308443e-01
5.087611911369567252e-01
4.943698151796730444e-01
4.753967486684750332e-01
4.523666051318299131e-01
4.261000624345026022e-01
3.976821388843854166e-01
3.683641242620999678e-01
3.394119575178674020e-01
3.119384448868968152e-01
2.867685330283798462e-01
2.643756815947708727e-01
2.448980814476978962e-01
2.282136354028310166e-01
2.140383165171877156e-01
2.020167500635675906e-01
1.917881651372477236e-01
1.830248609967841944e-01
1.754486051295073290e-01
1.688328311352163269e-01
1.629974798044907525e-01
1.578011254764543347e-01
1.531329809944033948e-01
1.489059403188771891e-01
1.450509864952090056e-01
1.415128908854820233e-01
1.382469814887026249e-01
1.352167375872338484e-01
1.323919997225193323e-01
1.297476295535346658e-01
1.272624967418244102e-01
1.249187042131347652e-01
1.227009886204676048e-01
1.205962510510791980e-01
1.185931857868572914e-01
1.166819838151963717e-01
1.148540939928918425e-01
1.131020291399919414e-01
1.114192074669410198e-01
1.097998220082149201e-01
1.082387324101168613e-01
1.067313746741228031e-01
1.052736854081461476e-01
1.038620378672929223e-01
1.024931876297161260e-01
1.011642261924365627e-01
9.987254111588178551e-02
9.861578161620197791e-02
9.739182871757512405e-02
9.619876924525101736e-02
9.503487307367071424e-02
9.389857315014782380e-02
9.278844789917485569e-02
9.170320568001920358e-02
9.064167102450854108e-02
8.960277242560453492e-02
8.858553148275527533e-02
8.758905323884327854e-02
8.661251756717797123e-02
8.565517148649012813e-02
8.471632229810834025e-02
8.379533145309206454e-02
8.289160906857542810e-02
8.200460902233989990e-02
8.113382456300256840e-02
8.027878438042326814e-02
7.943904908719863489e-02
7.861420806757891955e-02
7.780387665493945781e-02
7.700769360315998235e-02
7.622531882098280975e-02
7.545643134172949629e-02
7.470072750375700288e-02
7.395791931952655496e-02
7.322773301356869102e-02
7.250990771173351779e-02
7.180419426590056720e-02
7.111035420002266572e-02
7.042815876486269167e-02
6.975738809010420538e-02
6.909783042370591655e-02
6.844928144943253356e-02
6.781154367444647280e-02
6.718442587969460089e-02
6.656774262658579633e-02
6.596131381413496142e-02
6.536496428135857295e-02
6.477852345024992520e-02
6.420182500515024537e-02
6.363470660476620855e-02
6.307700962347401186e-02
6.252857891889770925e-02
6.198926262306144602e-02
6.145891195469269097e-02
6.093738105050360704e-02
6.042452681349939209e-02
5.992020877656297623e-02
5.942428897974293134e-02
5.893663185983170905e-02
5.845710415096463247e-02
5.798557479509832552e-02
5.752191486134329568e-02
5.706599747322682603e-02
5.661769774305634717e-02
5.617689271263697631e-02
5.574346129967175378e-02
5.531728424924044207e-02
5.489824408981319737e-02
5.448622509331062236e-02
5.408111323877126675e-02
5.368279617923196745e-02
5.329116321146670776e-02
5.290610524826620809e-02
5.252751479297348286e-02
5.215528591602006103e-02
5.178931423323523270e-02
5.142949688572455436e-02
5.107573252113693785e-02
5.072792127615916025e-02
5.038596476009591513e-02
5.004976603940991531e-02
4.971922962311311339e-02
4.939426144891349846e-02
4.907476887003598548e-02
4.876066064264848038e-02
4.845184691383525033e-02
4.814823921007119201e-02
4.784975042616013835e-02
4.755629481460996871e-02
4.726778797542573185e-02
4.698414684630967952e-02
4.670528969326413760e-02
4.643113610159854687e-02
4.616160696734775137e-02
4.589662448911187992e-02
4.563611216033137269e-02
4.537999476201296650e-02
4.512819835592305623e-02
4.488065027826627917e-02
4.463727913386662111e-02
