1.087606808202133957e-01
1.096722720540478507e-01
1.106015684144871503e-01
1.115487832068433188e-01
1.125141320868006806e-01
1.134978328694419419e-01
1.145001053080601655e-01
1.155211708394604520e-01
1.165612522921331135e-01
1.176205735533197710e-01
1.186993591906137929e-01
1.197978340233484540e-01
1.209162226386222005e-01
1.220547488464222563e-01
1.232136350679351872e-01
1.243931016508072890e-01
1.255933661048397598e-01
1.268146422513990179e-01
1.280571392797123231e-01
1.293210607031779202e-01
1.306066032088916973e-01
1.319139553937198894e-01
1.332432963804318637e-01
1.345947943076184761e-01
1.359686046872937981e-01
1.373648686241865924e-01
1.387837108906570804e-01
1.402252378507679864e-01
1.416895352258957241e-01
1.431766656915041680e-01
1.446866662882163035e-01
1.462195456151357820e-01
1.477752807376898625e-01
1.493538136579786735e-01
1.509550469956463525e-01
1.525788380507181186e-01
1.542249892788997434e-01
1.558932304644565503e-01
1.575831812331447701e-01
1.592942663758467048e-01
1.610255167959235290e-01
1.627750907046703610e-01
1.645391030296142754e-01
1.663087177989325260e-01
1.680628072569103348e-01
1.697495256799957664e-01
1.712460312783876393e-01
1.723173295058625099e-01
1.726926651885160591e-01
1.722289442473047549e-01
1.709400777262827520e-01
1.689237569618710633e-01
1.662979842089959692e-01
1.631721679906536770e-01
1.596400348633497668e-01
1.557815002003957727e-01
1.516668262156173896e-01
1.473605126821513345e-01
1.429242334492069333e-01
1.384187782922958465e-01
1.339050927933982671e-01
1.294444725938375118e-01
1.250979077739340639e-01
1.209245510355576037e-01
1.169793339987087455e-01
1.133098979599354295e-01
1.099532294129173526e-01
1.069326351963451466e-01
1.042558353263010884e-01
1.019148509445272910e-01
9.988795647809152467e-02
9.814336157786451853e-02
9.664376354758683063e-02
9.535073090605021562e-02
9.422810654644825368e-02
9.324408092967158279e-02
9.237202422389714784e-02
9.159041734336917373e-02
9.088227118798106186e-02
9.023434758553720847e-02
8.963638068625003064e-02
8.908039737381810708e-02
8.856016812324117582e-02
8.807078336429439991e-02
8.760833529421563348e-02
8.716968197197678958e-02
8.675227293049170285e-02
8.635401972191990294e-02
8.597319895965670200e-02
8.560837885860050900e-02
8.525836288071036995e-02
8.492214597073065308e-02
8.459888018333432125e-02
8.428784741386809165e-02
8.398843757405130561e-02
8.370013099129264278e-02
8.342248411799449426e-02
8.315511785726548144e-02
8.289770797165060823e-02
8.264997716021746377e-02
8.241168847881498449e-02
8.218263984672184719e-02
8.196265943584016278e-02
8.175160177992064903e-02
8.154934447383029028e-02
8.135578535858054017e-02
8.117084010823819029e-02
8.099444015106938011e-02
8.082653087019747717e-02
8.066707003937127751e-02
8.051602645767587385e-02
8.037337875359824857e-02
8.023911433413093153e-02
8.011322845881342636e-02
7.999572342200780839e-02
7.988660782943114713e-02
7.978589595718074690e-02
7.969360718327751780e-02
7.960976548321976876e-02
7.953439898223906013e-02
7.946753955794422231e-02
7.940922248786602688e-02
7.935948613710634703e-02
7.931837168188224374e-02
7.928592286525233679e-02
7.926218578173706286e-02
7.924720868791761130e-02
7.924104183641336729e-02
7.924373733092265892e-02
7.925534900024640284e-02
7.927593228941330616e-02
7.930554416626499348e-02
7.934424304211720735e-02
7.939208870481138935e-02
7.944914226330825058e-02
7.951546610264194348e-02
7.959112384806461826e-02
7.967618033770614006e-02
7.977070160287454137e-02
7.987475485527056884e-02
7.998840848047446273e-02
8.011173203712139423e-02
8.024479626123447173e-02
8.038767307523636552e-02
8.054043560120856260e-02
8.070315817800574609e-02
8.087591638187315024e-02
8.105878705024464892e-02
8.125184830843380779e-02
8.145517959895290372e-02
8.166886171322068622e-02
8.189297682544303958e-02
8.212760852846684445e-02
8.237284187142800140e-02
8.262876339902854028e-02
8.289546119229064536e-02
8.317302491065220460e-02
8.346154583527239101e-02
8.376111691343265941e-02
8.407183280392495350e-02
8.439378992332387253e-02
8.472708649305199513e-02
8.507182258714258982e-02
8.542810018062382826e-02
8.579602319844127634e-02
8.617569756484454169e-02
8.656723125315897438e-02
8.697073433587451663e-02
8.738631903497810771e-02
8.781409977245878407e-02
8.825419322091204721e-02
8.870671835416628348e-02
8.917179649785646200e-02
8.964955137986042877e-02
9.014010918051081067e-02
9.064359858248979829e-02
9.116015082030269612e-02
9.168989972922099441e-02
9.223298179357154736e-02
9.278953619423656318e-02
9.335970485521541407e-02
9.394363248908056685e-02
9.454146664113648180e-02
9.515335773207478365e-02
9.577945909888442577e-02
9.641992703374471785e-02
9.707492082059906990e-02
9.774460276905647116e-02
9.842913824522833699e-02
9.912869569904819711e-02
9.984344668756681140e-02
1.005735658936400129e-01
1.013192311393584927e-01
1.020806233934807294e-01
1.028579267720402673e-01
1.036513285312005567e-01
1.044610190513232256e-01
1.052871918110995092e-01
1.061300433504752394e-01
1.069897732209623697e-01
1.078665839217932965e-01
